<?xml version="1.0" encoding="UTF-8"?>
<!-- Generated by org.testng.reporters.JUnitReportReporter -->
<testsuite hostname="OM-URVA" name="ScreenShot.ScreenshootGoogle" tests="1" failures="0" timestamp="24 Dec 2016 19:12:49 GMT" time="8.101" errors="0">
  <testcase name="ScreenShot" time="8.101" classname="ScreenShot.ScreenshootGoogle"/>
</testsuite> <!-- ScreenShot.ScreenshootGoogle -->
