<?xml version="1.0" encoding="UTF-8"?>
<!-- Generated by org.testng.reporters.JUnitReportReporter -->
<testsuite hostname="OM-URVA" name="ScreenShot.Screenshoot" tests="1" failures="0" timestamp="24 Dec 2016 19:36:51 GMT" time="6.718" errors="0">
  <testcase name="ScreenShot" time="6.718" classname="ScreenShot.Screenshoot"/>
</testsuite> <!-- ScreenShot.Screenshoot -->
